TN:
SF:lib/_discovery_manager/android_discovery_manager.dart
FNF:0
FNH:0
DA:18,2
DA:19,6
DA:28,1
DA:29,2
DA:31,1
DA:33,2
DA:35,1
DA:37,1
DA:40,1
DA:42,2
DA:46,1
DA:48,2
DA:52,1
DA:53,1
DA:54,1
DA:55,2
DA:61,1
DA:64,1
DA:65,1
DA:66,1
DA:69,3
DA:70,2
DA:71,1
DA:72,4
DA:77,1
DA:78,2
DA:79,3
DA:80,1
DA:81,1
DA:83,2
DA:87,2
DA:93,1
DA:94,2
DA:96,4
LF:34
LH:34
end_of_record
TN:
SF:lib/_discovery_manager/discovery_manager.dart
FNF:0
FNH:0
DA:18,1
DA:19,1
DA:20,0
DA:21,1
DA:25,0
LF:5
LH:3
end_of_record
TN:
SF:lib/_discovery_manager/ios_discovery_manager.dart
FNF:0
FNH:0
DA:17,2
DA:18,6
DA:26,1
DA:27,2
DA:29,1
DA:31,2
DA:33,1
DA:35,3
DA:40,1
DA:42,2
DA:45,1
DA:47,2
DA:50,1
DA:52,1
DA:55,1
DA:57,1
DA:60,1
DA:61,1
DA:62,4
DA:63,1
DA:65,2
DA:68,1
DA:69,1
DA:70,1
DA:71,2
DA:75,3
LF:26
LH:26
end_of_record
TN:
SF:lib/_google_cast_context/android_google_cast_context_method_channel.dart
FNF:0
FNH:0
DA:14,1
DA:19,3
DA:20,1
LF:3
LH:3
end_of_record
TN:
SF:lib/_google_cast_context/google_cast_context.dart
FNF:0
FNH:0
DA:14,3
DA:15,0
DA:16,1
DA:22,3
DA:25,0
LF:5
LH:3
end_of_record
TN:
SF:lib/_google_cast_context/google_cast_context_platform_interface.dart
FNF:0
FNH:0
DA:10,6
LF:1
LH:1
end_of_record
TN:
SF:lib/_google_cast_context/ios_google_cast_context_method_channel.dart
FNF:0
FNH:0
DA:13,1
DA:17,1
DA:19,1
DA:21,1
LF:4
LH:4
end_of_record
TN:
SF:lib/_remote_media_client/android_remote_media_client_method_channel.dart
FNF:0
FNH:0
DA:19,1
DA:20,3
DA:30,1
DA:31,2
DA:33,1
DA:35,2
DA:41,1
DA:42,2
DA:44,1
DA:46,2
DA:51,1
DA:52,2
DA:54,1
DA:56,2
DA:59,1
DA:61,2
DA:62,1
DA:63,3
DA:64,1
DA:65,1
DA:66,4
DA:69,1
DA:72,1
DA:82,2
DA:84,1
DA:85,1
DA:87,1
DA:95,2
DA:99,1
DA:101,2
DA:102,2
DA:105,1
DA:107,2
DA:108,2
DA:111,1
DA:116,3
DA:117,4
DA:118,1
DA:121,2
DA:125,1
DA:127,2
DA:128,2
DA:131,1
DA:133,2
DA:134,2
DA:137,1
DA:139,2
DA:141,1
DA:143,2
DA:146,1
DA:148,2
DA:152,2
DA:155,1
DA:157,2
DA:158,2
DA:161,1
DA:164,2
DA:166,1
DA:168,2
DA:171,1
DA:173,2
DA:174,2
DA:177,1
DA:179,2
DA:180,2
DA:183,1
DA:186,2
DA:187,2
DA:190,1
DA:193,3
DA:194,1
DA:197,2
DA:200,1
DA:203,3
DA:204,4
DA:207,2
DA:210,1
DA:211,1
DA:212,1
DA:213,2
DA:214,1
DA:215,2
DA:216,1
DA:217,2
DA:222,1
DA:224,2
DA:227,1
DA:228,2
DA:231,2
DA:234,1
DA:236,3
DA:240,1
DA:243,3
DA:244,1
DA:245,2
DA:246,1
DA:247,2
DA:250,1
DA:252,2
DA:255,1
DA:257,2
DA:258,2
DA:261,1
DA:264,3
LF:104
LH:104
end_of_record
TN:
SF:lib/_remote_media_client/ios_remote_media_client_method_channel.dart
FNF:0
FNH:0
DA:18,1
DA:19,3
DA:34,1
DA:35,2
DA:37,1
DA:39,2
DA:41,1
DA:42,2
DA:44,1
DA:46,2
DA:48,1
DA:49,2
DA:51,1
DA:53,2
DA:55,1
DA:56,1
DA:58,1
DA:60,1
DA:61,1
DA:62,1
DA:63,2
DA:64,1
DA:67,1
DA:77,2
DA:79,1
DA:80,1
DA:81,1
DA:83,1
DA:88,2
DA:92,1
DA:94,2
DA:97,1
DA:99,2
DA:102,1
DA:104,3
DA:107,1
DA:109,2
DA:112,1
DA:114,3
DA:117,1
DA:119,2
DA:122,1
DA:124,3
DA:127,1
DA:129,2
DA:132,1
DA:134,2
DA:138,0
DA:139,0
DA:140,0
DA:141,0
DA:142,0
DA:143,0
DA:144,0
DA:145,0
DA:150,0
DA:151,0
DA:152,0
DA:155,0
DA:158,0
DA:159,0
DA:160,0
DA:161,0
DA:168,1
DA:173,2
DA:175,1
DA:176,5
DA:177,2
DA:182,1
DA:185,3
DA:186,4
DA:191,1
DA:196,2
DA:197,3
DA:198,1
DA:204,1
DA:206,2
DA:209,1
DA:211,2
DA:214,0
DA:215,0
DA:217,0
DA:218,0
DA:219,0
DA:220,0
DA:223,1
DA:226,2
DA:228,1
LF:88
LH:66
end_of_record
TN:
SF:lib/_remote_media_client/remote_media_client.dart
FNF:0
FNH:0
DA:15,0
DA:17,0
DA:18,0
DA:19,0
DA:20,0
DA:26,0
LF:6
LH:0
end_of_record
TN:
SF:lib/_session_manager/android_cast_session_manager.dart
FNF:0
FNH:0
DA:15,0
DA:16,0
DA:24,0
DA:26,0
DA:29,0
DA:31,0
DA:33,0
DA:35,0
DA:37,0
DA:39,0
DA:42,0
DA:44,0
DA:47,0
DA:49,0
DA:52,0
DA:54,0
DA:57,0
DA:60,0
DA:62,0
DA:63,0
DA:67,0
DA:70,0
DA:73,0
DA:76,0
DA:79,0
DA:80,0
DA:81,0
DA:82,0
DA:88,0
DA:91,0
DA:94,0
DA:95,0
DA:96,0
DA:102,0
DA:104,0
LF:35
LH:0
end_of_record
TN:
SF:lib/_session_manager/cast_session_manager.dart
FNF:0
FNH:0
DA:14,0
DA:15,0
DA:16,0
DA:17,0
DA:23,0
DA:25,0
LF:6
LH:0
end_of_record
TN:
SF:lib/_session_manager/cast_session_manager_platform.dart
FNF:0
FNH:0
DA:16,0
LF:1
LH:0
end_of_record
TN:
SF:lib/_session_manager/ios_cast_session_manager.dart
FNF:0
FNH:0
DA:9,0
DA:10,0
DA:11,0
DA:17,0
DA:19,0
DA:24,0
DA:27,0
DA:29,0
DA:33,0
DA:35,0
DA:41,0
DA:43,0
DA:45,0
DA:47,0
DA:49,0
DA:52,0
DA:54,0
DA:57,0
DA:59,0
DA:61,0
DA:64,0
DA:67,0
DA:70,0
DA:73,0
DA:76,0
DA:79,0
DA:80,0
DA:81,0
DA:82,0
DA:86,0
DA:88,0
DA:89,0
DA:90,0
DA:96,0
DA:98,0
LF:35
LH:0
end_of_record
TN:
SF:lib/common/break.dart
FNF:0
FNH:0
DA:35,0
DA:45,0
DA:46,0
DA:47,0
DA:48,0
DA:49,0
DA:50,0
DA:51,0
DA:52,0
DA:57,0
DA:58,0
DA:59,0
DA:60,0
DA:61,0
DA:63,0
DA:64,0
DA:65,0
DA:66,0
DA:71,0
DA:74,0
DA:75,0
LF:21
LH:0
end_of_record
TN:
SF:lib/common/break_clips.dart
FNF:0
FNH:0
DA:73,0
DA:89,0
DA:90,0
DA:91,0
DA:92,0
DA:93,0
DA:94,0
DA:95,0
DA:96,0
DA:97,0
DA:98,0
DA:99,0
DA:100,0
DA:101,0
DA:102,0
DA:109,0
DA:110,0
DA:111,0
DA:112,0
DA:113,0
DA:114,0
DA:115,0
DA:116,0
DA:117,0
DA:119,0
DA:120,0
DA:122,0
DA:123,0
DA:124,0
DA:125,0
DA:126,0
DA:127,0
DA:135,0
DA:140,0
DA:141,0
LF:35
LH:0
end_of_record
TN:
SF:lib/common/cast_status_event.dart
FNF:0
FNH:0
DA:24,0
DA:25,0
DA:26,0
DA:27,0
DA:42,0
LF:5
LH:0
end_of_record
TN:
SF:lib/common/font_generic_family.dart
FNF:0
FNH:0
DA:27,0
DA:29,0
DA:30,0
DA:34,0
DA:36,0
DA:38,0
DA:40,0
DA:42,0
DA:44,0
DA:46,0
DA:49,0
LF:11
LH:0
end_of_record
TN:
SF:lib/common/hls_segment_format.dart
FNF:0
FNH:0
DA:30,0
DA:32,0
DA:33,0
DA:37,0
DA:39,0
DA:41,0
DA:43,0
DA:45,0
DA:47,0
DA:49,0
DA:51,0
LF:11
LH:0
end_of_record
TN:
SF:lib/common/hls_video_segment_format.dart
FNF:0
FNH:0
DA:12,0
DA:14,0
DA:15,0
DA:19,0
DA:21,0
DA:23,0
LF:6
LH:0
end_of_record
TN:
SF:lib/common/image.dart
FNF:0
FNH:0
DA:15,0
DA:22,0
DA:23,0
DA:24,0
DA:25,0
DA:26,0
DA:31,0
DA:32,0
DA:33,0
DA:34,0
DA:35,0
DA:40,0
DA:43,0
DA:44,0
LF:14
LH:0
end_of_record
TN:
SF:lib/common/live_seekable_range.dart
FNF:0
FNH:0
DA:41,0
DA:51,0
DA:52,0
DA:53,0
DA:54,0
DA:55,0
DA:56,0
DA:63,0
DA:64,0
DA:65,0
DA:66,0
DA:67,0
DA:69,0
DA:76,0
DA:81,0
DA:82,0
LF:16
LH:0
end_of_record
TN:
SF:lib/common/rfc5646_language.dart
FNF:0
FNH:0
DA:711,0
DA:713,0
DA:722,0
DA:723,0
LF:4
LH:0
end_of_record
TN:
SF:lib/common/text_track_edge_type.dart
FNF:0
FNH:0
DA:18,0
DA:20,0
DA:21,0
DA:25,0
DA:27,0
DA:29,0
DA:31,0
DA:33,0
DA:36,0
LF:9
LH:0
end_of_record
TN:
SF:lib/common/text_track_font_style.dart
FNF:0
FNH:0
DA:15,0
DA:17,0
DA:18,0
DA:22,0
DA:24,0
DA:26,0
DA:28,0
DA:31,0
LF:8
LH:0
end_of_record
TN:
SF:lib/common/text_track_style.dart
FNF:0
FNH:0
DA:68,2
DA:84,2
DA:85,2
DA:86,3
DA:87,2
DA:88,2
DA:89,2
DA:90,2
DA:91,2
DA:92,2
DA:93,3
DA:94,3
DA:95,2
DA:96,2
DA:97,3
DA:102,0
DA:103,0
DA:104,0
DA:105,0
DA:107,0
DA:109,0
DA:110,0
DA:111,0
DA:113,0
DA:114,0
DA:115,0
DA:117,0
DA:118,0
DA:119,0
DA:121,0
DA:122,0
DA:124,0
DA:125,0
DA:127,0
DA:128,0
DA:129,0
DA:135,0
DA:138,0
DA:139,0
DA:145,1
DA:146,4
DA:150,0
DA:151,0
DA:152,0
DA:153,0
DA:154,0
LF:46
LH:17
end_of_record
TN:
SF:lib/common/text_track_window_type.dart
FNF:0
FNH:0
DA:12,0
DA:14,0
DA:15,0
DA:19,0
DA:21,0
DA:23,0
DA:26,0
LF:7
LH:0
end_of_record
TN:
SF:lib/common/user_action.dart
FNF:0
FNH:0
DA:15,0
DA:17,0
DA:18,0
DA:22,0
DA:24,0
DA:26,0
DA:28,0
DA:31,0
DA:35,0
DA:37,0
LF:10
LH:0
end_of_record
TN:
SF:lib/common/user_action_state.dart
FNF:0
FNH:0
DA:17,0
DA:25,0
DA:26,0
DA:27,0
DA:28,0
DA:35,0
DA:36,0
DA:37,0
DA:38,0
DA:39,0
DA:47,0
DA:52,0
DA:53,0
LF:13
LH:0
end_of_record
TN:
SF:lib/common/vast_ads_request.dart
FNF:0
FNH:0
DA:21,0
DA:29,0
DA:30,0
DA:31,0
DA:32,0
DA:39,0
DA:40,0
DA:41,0
DA:42,0
DA:49,0
DA:54,0
DA:55,0
LF:12
LH:0
end_of_record
TN:
SF:lib/common/volume.dart
FNF:0
FNH:0
DA:20,0
DA:22,0
DA:29,0
DA:30,0
DA:31,0
DA:32,0
DA:39,0
DA:40,0
DA:41,0
DA:42,0
DA:49,0
DA:54,0
DA:55,0
LF:13
LH:0
end_of_record
TN:
SF:lib/entities/break_status.dart
FNF:0
FNH:0
DA:26,0
DA:35,0
DA:36,0
DA:37,0
DA:38,0
DA:39,0
DA:40,0
DA:41,0
DA:46,0
DA:47,0
DA:48,0
DA:49,0
DA:50,0
DA:51,0
DA:53,0
DA:54,0
DA:56,0
DA:57,0
DA:63,0
DA:66,0
DA:67,0
LF:21
LH:0
end_of_record
TN:
SF:lib/entities/cast_device.dart
FNF:0
FNH:0
DA:33,2
DA:44,0
DA:48,0
DA:51,0
DA:53,0
LF:5
LH:1
end_of_record
TN:
SF:lib/entities/cast_media_status.dart
FNF:0
FNH:0
DA:63,2
LF:1
LH:1
end_of_record
TN:
SF:lib/entities/cast_options.dart
FNF:0
FNH:0
DA:22,2
DA:32,2
DA:33,2
DA:35,2
DA:36,2
DA:37,2
DA:38,2
DA:40,2
DA:42,2
LF:9
LH:9
end_of_record
TN:
SF:lib/entities/cast_session.dart
FNF:0
FNH:0
DA:25,0
LF:1
LH:0
end_of_record
TN:
SF:lib/entities/discovery_criteria.dart
FNF:0
FNH:0
DA:4,0
DA:35,0
DA:40,0
DA:42,0
DA:43,0
DA:51,0
DA:53,0
DA:54,0
DA:62,0
LF:9
LH:0
end_of_record
TN:
SF:lib/entities/load_options.dart
FNF:0
FNH:0
DA:18,2
DA:26,2
DA:27,2
DA:28,2
DA:29,4
DA:30,4
DA:31,2
LF:7
LH:7
end_of_record
TN:
SF:lib/entities/media_information.dart
FNF:0
FNH:0
DA:113,2
DA:135,2
DA:136,2
DA:137,2
DA:138,2
DA:139,2
DA:140,4
DA:141,2
DA:142,2
DA:143,2
DA:144,2
DA:145,2
DA:146,3
DA:147,2
DA:148,2
DA:149,2
DA:150,2
DA:151,2
DA:152,2
DA:153,2
DA:154,2
DA:155,4
LF:22
LH:22
end_of_record
TN:
SF:lib/entities/media_metadata/cast_media_metadata.dart
FNF:0
FNH:0
DA:13,0
DA:19,0
DA:20,0
DA:21,0
DA:22,0
LF:5
LH:0
end_of_record
TN:
SF:lib/entities/media_metadata/generic_media_metadata.dart
FNF:0
FNH:0
DA:30,0
DA:35,0
DA:36,0
DA:38,0
DA:39,0
DA:40,0
DA:41,0
DA:42,0
DA:43,0
DA:44,0
LF:10
LH:0
end_of_record
TN:
SF:lib/entities/media_metadata/movie_media_metadata.dart
FNF:0
FNH:0
DA:8,0
DA:14,0
DA:50,0
DA:52,0
DA:53,0
DA:54,0
DA:55,0
DA:56,0
DA:57,0
DA:58,0
LF:10
LH:0
end_of_record
TN:
SF:lib/entities/media_metadata/music_track_media_metadata.dart
FNF:0
FNH:0
DA:8,0
DA:18,0
DA:70,0
DA:72,0
DA:73,0
DA:74,0
DA:75,0
DA:76,0
DA:77,0
DA:78,0
DA:79,0
DA:80,0
DA:81,0
DA:82,0
LF:14
LH:0
end_of_record
TN:
SF:lib/entities/media_metadata/photo_media_metadata.dart
FNF:0
FNH:0
DA:6,0
DA:15,0
DA:68,0
DA:70,0
DA:71,0
DA:72,0
DA:73,0
DA:74,0
DA:75,0
DA:76,0
DA:77,0
DA:78,0
DA:79,0
LF:13
LH:0
end_of_record
TN:
SF:lib/entities/media_metadata/tv_show_media_metadata.dart
FNF:0
FNH:0
DA:8,0
DA:14,0
DA:45,0
DA:47,0
DA:48,0
DA:49,0
DA:50,0
DA:51,0
DA:52,0
DA:53,0
LF:10
LH:0
end_of_record
TN:
SF:lib/entities/media_seek_option.dart
FNF:0
FNH:0
DA:18,2
DA:26,2
DA:27,2
DA:28,4
DA:29,2
DA:30,4
DA:31,2
LF:7
LH:7
end_of_record
TN:
SF:lib/entities/queue_item.dart
FNF:0
FNH:0
DA:31,2
DA:43,2
DA:44,2
DA:45,2
DA:46,2
DA:47,2
DA:48,2
DA:49,4
DA:50,2
DA:51,2
DA:52,2
DA:53,4
LF:12
LH:12
end_of_record
TN:
SF:lib/entities/request.dart
FNF:0
FNH:0
DA:16,1
DA:27,1
DA:28,1
DA:29,1
DA:30,1
DA:31,2
DA:32,1
LF:7
LH:7
end_of_record
TN:
SF:lib/entities/track.dart
FNF:0
FNH:0
DA:35,0
DA:47,0
DA:48,0
DA:49,0
DA:50,0
DA:51,0
DA:52,0
DA:53,0
DA:54,0
DA:55,0
DA:56,0
DA:61,0
DA:62,0
DA:63,0
DA:64,0
DA:65,0
DA:67,0
DA:68,0
DA:69,0
DA:70,0
DA:71,0
DA:74,0
DA:75,0
DA:76,0
DA:77,0
DA:82,0
DA:85,0
DA:86,0
LF:28
LH:0
end_of_record
TN:
SF:lib/enums/media_metadata_type.dart
FNF:0
FNH:0
DA:25,0
DA:26,0
DA:27,0
DA:28,0
LF:4
LH:0
end_of_record
TN:
SF:lib/enums/stream_type.dart
FNF:0
FNH:0
DA:24,0
DA:25,0
DA:26,0
DA:27,0
LF:4
LH:0
end_of_record
TN:
SF:lib/models/android/android_cast_options.dart
FNF:0
FNH:0
DA:9,0
DA:13,0
DA:15,0
DA:16,0
LF:4
LH:0
end_of_record
TN:
SF:lib/models/android/android_media_information.dart
FNF:0
FNH:0
DA:6,1
DA:28,1
DA:29,1
DA:30,1
DA:31,1
DA:32,0
DA:33,0
DA:35,1
DA:36,2
DA:37,1
DA:38,1
DA:39,0
DA:41,1
DA:42,0
DA:44,3
DA:45,1
DA:46,0
DA:47,0
DA:49,2
DA:50,1
DA:51,1
DA:52,0
DA:54,1
DA:55,0
DA:57,1
DA:58,0
DA:60,1
DA:61,0
DA:63,1
DA:64,0
DA:65,0
DA:67,1
DA:68,0
DA:69,0
DA:71,1
DA:72,0
DA:78,0
DA:79,0
DA:83,0
DA:84,0
DA:87,0
DA:88,0
DA:91,0
DA:92,0
DA:95,0
DA:96,0
DA:99,0
DA:100,0
LF:48
LH:21
end_of_record
TN:
SF:lib/models/android/android_media_status.dart
FNF:0
FNH:0
DA:8,1
DA:24,1
DA:25,1
DA:26,2
DA:27,2
DA:28,1
DA:29,0
DA:31,1
DA:32,1
DA:33,0
DA:34,0
DA:37,2
DA:38,2
DA:39,2
DA:40,2
DA:42,3
LF:16
LH:13
end_of_record
TN:
SF:lib/models/android/android_queue_item.dart
FNF:0
FNH:0
DA:6,1
DA:18,1
DA:19,1
DA:20,1
DA:21,2
DA:22,3
DA:23,1
DA:24,1
DA:25,1
DA:26,1
DA:28,0
DA:29,2
DA:30,2
LF:13
LH:12
end_of_record
TN:
SF:lib/models/android/cast_device.dart
FNF:0
FNH:0
DA:6,1
DA:8,4
DA:16,1
DA:28,1
DA:29,1
DA:30,1
DA:31,1
DA:32,1
DA:33,1
DA:35,1
DA:37,1
LF:11
LH:11
end_of_record
TN:
SF:lib/models/android/cast_session.dart
FNF:0
FNH:0
DA:16,0
DA:28,0
DA:29,0
DA:30,0
DA:32,0
DA:34,0
DA:35,0
DA:36,0
DA:37,0
DA:38,0
LF:10
LH:0
end_of_record
TN:
SF:lib/models/android/extensions/cast_media_player_state.dart
FNF:0
FNH:0
DA:6,1
DA:7,1
DA:8,5
DA:9,0
LF:4
LH:3
end_of_record
TN:
SF:lib/models/android/extensions/date_time.dart
FNF:0
FNH:0
DA:4,0
DA:5,0
DA:6,0
DA:7,0
DA:9,0
LF:5
LH:0
end_of_record
TN:
SF:lib/models/android/extensions/idle_reason.dart
FNF:0
FNH:0
DA:6,0
DA:7,0
DA:8,0
DA:9,0
LF:4
LH:0
end_of_record
TN:
SF:lib/models/android/extensions/repeat_mode.dart
FNF:0
FNH:0
DA:6,1
DA:7,1
DA:8,5
DA:9,0
LF:4
LH:3
end_of_record
TN:
SF:lib/models/android/extensions/stream_type.dart
FNF:0
FNH:0
DA:6,1
DA:7,1
DA:8,3
DA:9,0
LF:4
LH:3
end_of_record
TN:
SF:lib/models/android/extensions/text_track_type.dart
FNF:0
FNH:0
DA:6,0
DA:7,0
DA:8,0
DA:9,0
LF:4
LH:0
end_of_record
TN:
SF:lib/models/android/extensions/track_type.dart
FNF:0
FNH:0
DA:6,0
DA:7,0
DA:8,0
DA:9,0
LF:4
LH:0
end_of_record
TN:
SF:lib/models/android/metadata/generic.dart
FNF:0
FNH:0
DA:7,0
DA:15,0
DA:17,0
DA:18,0
DA:19,0
DA:20,0
DA:21,0
DA:22,0
DA:24,0
DA:25,0
LF:10
LH:0
end_of_record
TN:
SF:lib/models/android/metadata/movie.dart
FNF:0
FNH:0
DA:8,0
DA:17,0
DA:19,0
DA:20,0
DA:21,0
DA:22,0
DA:23,0
DA:24,0
DA:25,0
DA:27,0
DA:28,0
LF:11
LH:0
end_of_record
TN:
SF:lib/models/android/metadata/music.dart
FNF:0
FNH:0
DA:8,0
DA:21,0
DA:23,0
DA:24,0
DA:25,0
DA:26,0
DA:27,0
DA:28,0
DA:29,0
DA:30,0
DA:31,0
DA:32,0
DA:33,0
DA:35,0
DA:36,0
LF:15
LH:0
end_of_record
TN:
SF:lib/models/android/metadata/photo.dart
FNF:0
FNH:0
DA:6,0
DA:18,0
DA:19,0
DA:20,0
DA:21,0
DA:22,0
DA:23,0
DA:24,0
DA:25,0
DA:26,0
DA:27,0
DA:28,0
LF:12
LH:0
end_of_record
TN:
SF:lib/models/android/metadata/tv_show.dart
FNF:0
FNH:0
DA:7,0
DA:16,0
DA:18,0
DA:19,0
DA:20,0
DA:21,0
DA:22,0
DA:23,0
DA:24,0
DA:26,0
DA:27,0
LF:11
LH:0
end_of_record
TN:
SF:lib/models/ios/ios_cast_device.dart
FNF:0
FNH:0
DA:14,1
DA:27,1
DA:28,1
DA:29,1
DA:30,1
DA:31,1
DA:32,1
DA:33,1
DA:34,1
DA:35,1
DA:36,1
DA:37,1
LF:12
LH:12
end_of_record
TN:
SF:lib/models/ios/ios_cast_options.dart
FNF:0
FNH:0
DA:13,0
DA:18,0
DA:20,0
DA:21,0
DA:22,0
DA:23,0
LF:6
LH:0
end_of_record
TN:
SF:lib/models/ios/ios_cast_queue_item.dart
FNF:0
FNH:0
DA:12,1
DA:27,1
DA:28,1
DA:29,1
DA:30,2
DA:31,2
DA:32,1
DA:33,1
DA:34,1
DA:35,1
DA:37,0
DA:38,2
DA:39,2
LF:13
LH:12
end_of_record
TN:
SF:lib/models/ios/ios_cast_sessions.dart
FNF:0
FNH:0
DA:14,0
DA:27,0
DA:29,0
DA:30,0
DA:31,0
DA:32,0
DA:33,0
DA:34,0
DA:35,0
DA:36,0
LF:10
LH:0
end_of_record
TN:
SF:lib/models/ios/ios_media_information.dart
FNF:0
FNH:0
DA:28,1
DA:52,1
DA:53,1
DA:54,1
DA:55,1
DA:56,0
DA:57,0
DA:59,1
DA:60,2
DA:61,1
DA:62,1
DA:63,0
DA:65,1
DA:66,0
DA:68,3
DA:69,1
DA:70,0
DA:71,0
DA:73,2
DA:74,1
DA:75,1
DA:76,0
DA:78,1
DA:79,0
DA:81,1
DA:82,0
DA:84,1
DA:85,0
DA:87,1
DA:88,0
DA:89,0
DA:90,0
DA:94,1
DA:95,0
DA:96,0
DA:98,1
DA:99,0
DA:105,0
DA:106,0
DA:107,0
DA:108,0
DA:109,0
DA:110,0
DA:111,0
DA:112,0
DA:113,0
DA:114,0
DA:115,0
DA:116,0
LF:49
LH:21
end_of_record
TN:
SF:lib/models/ios/ios_media_status.dart
FNF:0
FNH:0
DA:11,1
DA:30,1
DA:31,1
DA:32,2
DA:33,2
DA:34,1
DA:35,0
DA:37,1
DA:38,1
DA:39,0
DA:40,0
DA:43,1
DA:44,1
DA:45,2
DA:46,2
DA:48,2
LF:16
LH:13
end_of_record
TN:
SF:lib/models/ios/ios_media_track.dart
FNF:0
FNH:0
DA:11,0
DA:25,0
DA:26,0
DA:27,0
DA:28,0
DA:29,0
DA:30,0
DA:31,0
DA:32,0
DA:33,0
DA:35,0
DA:36,0
LF:12
LH:0
end_of_record
TN:
SF:lib/models/ios/ios_request.dart
FNF:0
FNH:0
DA:13,0
DA:24,0
DA:25,0
DA:26,0
DA:27,0
DA:28,0
DA:29,0
LF:7
LH:0
end_of_record
TN:
SF:lib/models/ios/metadata/generic.dart
FNF:0
FNH:0
DA:6,0
DA:14,0
DA:15,0
DA:16,0
DA:17,0
DA:18,0
DA:19,0
DA:20,0
DA:22,0
DA:23,0
LF:10
LH:0
end_of_record
TN:
SF:lib/models/ios/metadata/movie.dart
FNF:0
FNH:0
DA:7,0
DA:16,0
DA:17,0
DA:18,0
DA:19,0
DA:20,0
DA:21,0
DA:22,0
DA:23,0
DA:25,0
DA:26,0
LF:11
LH:0
end_of_record
TN:
SF:lib/models/ios/metadata/music.dart
FNF:0
FNH:0
DA:7,0
DA:20,0
DA:21,0
DA:22,0
DA:23,0
DA:24,0
DA:25,0
DA:26,0
DA:27,0
DA:28,0
DA:29,0
DA:30,0
DA:31,0
DA:33,0
DA:34,0
LF:15
LH:0
end_of_record
TN:
SF:lib/models/ios/metadata/photo.dart
FNF:0
FNH:0
DA:6,0
DA:18,0
DA:19,0
DA:20,0
DA:21,0
DA:22,0
DA:23,0
DA:24,0
DA:25,0
DA:26,0
DA:27,0
DA:28,0
LF:12
LH:0
end_of_record
TN:
SF:lib/models/ios/metadata/tv_show.dart
FNF:0
FNH:0
DA:6,0
DA:15,0
DA:16,0
DA:17,0
DA:18,0
DA:19,0
DA:20,0
DA:21,0
DA:22,0
DA:24,0
DA:25,0
LF:11
LH:0
end_of_record
TN:
SF:lib/utils/extensions.dart
FNF:0
FNH:0
DA:6,0
DA:7,0
DA:12,0
DA:14,0
DA:16,0
DA:18,0
DA:20,0
DA:22,0
DA:24,0
DA:26,0
DA:28,0
DA:30,0
DA:38,0
DA:39,0
DA:44,0
DA:47,0
DA:48,0
DA:49,0
DA:50,0
DA:51,0
DA:52,0
DA:55,0
DA:57,0
DA:59,0
DA:61,0
DA:63,0
DA:66,0
DA:68,0
DA:70,0
DA:76,0
DA:85,0
DA:86,0
DA:87,0
DA:88,0
DA:89,0
DA:90,0
DA:91,0
DA:92,0
DA:94,0
DA:95,0
DA:96,0
DA:98,0
DA:99,0
DA:102,0
DA:104,0
DA:106,0
LF:46
LH:0
end_of_record
TN:
SF:lib/utils/functions.dart
FNF:0
FNH:0
DA:13,0
DA:15,0
DA:16,0
DA:17,0
DA:18,0
DA:19,0
LF:6
LH:0
end_of_record
TN:
SF:lib/widgets/cast_volume.dart
FNF:0
FNH:0
DA:32,0
DA:42,0
DA:43,0
DA:47,0
DA:49,0
DA:50,0
DA:51,0
DA:53,0
DA:60,0
DA:62,0
DA:64,0
DA:65,0
DA:67,0
DA:68,0
DA:69,0
DA:70,0
DA:71,0
DA:72,0
DA:75,0
DA:76,0
DA:79,0
DA:80,0
DA:81,0
DA:83,0
DA:84,0
DA:85,0
DA:86,0
DA:87,0
DA:88,0
DA:89,0
DA:90,0
DA:91,0
DA:92,0
DA:93,0
DA:103,0
DA:104,0
DA:105,0
DA:108,0
DA:109,0
DA:112,0
DA:113,0
LF:41
LH:0
end_of_record
TN:
SF:lib/widgets/expanded_player.dart
FNF:0
FNH:0
DA:45,0
DA:48,0
DA:50,0
DA:63,0
DA:65,0
DA:66,0
DA:71,0
DA:77,0
DA:79,0
DA:80,0
DA:81,0
DA:84,0
DA:86,0
DA:87,0
DA:88,0
DA:89,0
DA:90,0
DA:91,0
DA:93,0
DA:95,0
DA:96,0
DA:97,0
DA:98,0
DA:99,0
DA:102,0
DA:103,0
DA:104,0
DA:106,0
DA:107,0
DA:110,0
DA:111,0
DA:112,0
DA:114,0
DA:117,0
DA:118,0
DA:119,0
DA:120,0
DA:123,0
DA:126,0
DA:127,0
DA:130,0
DA:131,0
DA:132,0
DA:136,0
DA:138,0
DA:139,0
DA:144,0
DA:145,0
DA:146,0
DA:147,0
DA:148,0
DA:153,0
DA:154,0
DA:155,0
DA:156,0
DA:157,0
DA:158,0
DA:160,0
DA:162,0
DA:165,0
DA:166,0
DA:167,0
DA:168,0
DA:169,0
DA:170,0
DA:175,0
DA:176,0
DA:183,0
DA:185,0
DA:186,0
DA:187,0
DA:188,0
DA:191,0
DA:192,0
DA:193,0
DA:194,0
DA:195,0
DA:196,0
DA:197,0
DA:202,0
DA:203,0
DA:212,0
DA:214,0
DA:215,0
DA:216,0
DA:218,0
DA:221,0
DA:224,0
DA:225,0
DA:226,0
DA:227,0
DA:231,0
DA:235,0
DA:236,0
DA:238,0
DA:239,0
DA:240,0
DA:241,0
DA:242,0
DA:243,0
DA:244,0
DA:245,0
DA:246,0
DA:247,0
DA:249,0
DA:254,0
DA:255,0
DA:257,0
DA:266,0
DA:267,0
DA:268,0
DA:269,0
DA:270,0
DA:274,0
DA:277,0
DA:282,0
DA:283,0
DA:285,0
DA:287,0
DA:289,0
DA:290,0
DA:291,0
DA:292,0
DA:294,0
DA:295,0
DA:296,0
DA:297,0
DA:298,0
DA:299,0
DA:301,0
DA:307,0
DA:308,0
DA:309,0
DA:310,0
DA:313,0
DA:315,0
DA:322,0
DA:326,0
DA:336,0
DA:341,0
DA:342,0
DA:346,0
DA:347,0
DA:348,0
DA:349,0
DA:350,0
DA:351,0
DA:357,0
DA:358,0
DA:360,0
DA:361,0
DA:362,0
DA:363,0
DA:364,0
DA:374,0
DA:378,0
DA:380,0
DA:381,0
DA:384,0
DA:387,0
DA:388,0
DA:390,0
DA:391,0
DA:392,0
DA:394,0
DA:395,0
DA:396,0
DA:397,0
DA:399,0
DA:401,0
DA:402,0
DA:403,0
DA:404,0
DA:405,0
DA:406,0
DA:407,0
DA:408,0
DA:415,0
DA:416,0
DA:418,0
DA:419,0
DA:420,0
DA:422,0
DA:423,0
DA:424,0
DA:425,0
DA:426,0
DA:435,0
DA:438,0
DA:439,0
DA:440,0
DA:441,0
DA:442,0
DA:443,0
DA:449,0
DA:451,0
DA:453,0
DA:456,0
DA:457,0
DA:458,0
DA:460,0
DA:461,0
DA:463,0
DA:464,0
DA:466,0
DA:467,0
DA:469,0
DA:470,0
DA:471,0
DA:472,0
DA:473,0
DA:475,0
DA:477,0
DA:480,0
DA:482,0
DA:484,0
DA:485,0
DA:486,0
DA:490,0
DA:491,0
DA:493,0
DA:494,0
DA:496,0
DA:497,0
DA:499,0
DA:500,0
DA:503,0
DA:506,0
DA:512,0
DA:515,0
DA:516,0
DA:517,0
DA:518,0
DA:520,0
DA:521,0
DA:523,0
DA:526,0
DA:528,0
DA:529,0
DA:531,0
DA:533,0
DA:536,0
DA:538,0
DA:539,0
DA:541,0
DA:544,0
DA:546,0
DA:548,0
DA:567,0
DA:569,0
DA:570,0
DA:571,0
DA:572,0
DA:573,0
DA:574,0
DA:579,0
DA:581,0
DA:582,0
DA:584,0
DA:586,0
DA:587,0
DA:588,0
DA:589,0
DA:591,0
DA:593,0
DA:594,0
DA:595,0
DA:602,0
DA:604,0
DA:608,0
DA:612,0
DA:614,0
DA:616,0
DA:617,0
DA:619,0
DA:620,0
DA:626,0
DA:628,0
DA:629,0
DA:630,0
DA:638,0
DA:639,0
DA:640,0
DA:648,0
DA:651,0
DA:653,0
DA:655,0
DA:657,0
DA:660,0
DA:661,0
DA:662,0
DA:663,0
DA:667,0
DA:668,0
DA:669,0
DA:673,0
DA:674,0
DA:675,0
DA:677,0
DA:678,0
DA:679,0
DA:683,0
DA:684,0
DA:685,0
DA:686,0
DA:690,0
DA:691,0
DA:692,0
DA:696,0
DA:698,0
DA:699,0
DA:700,0
DA:701,0
DA:702,0
DA:704,0
DA:707,0
DA:708,0
DA:710,0
DA:711,0
DA:713,0
DA:714,0
DA:715,0
DA:716,0
DA:717,0
DA:718,0
DA:719,0
DA:726,0
DA:727,0
DA:728,0
DA:729,0
DA:740,0
DA:741,0
DA:742,0
DA:743,0
DA:744,0
DA:745,0
DA:752,0
DA:754,0
DA:756,0
DA:758,0
DA:760,0
DA:768,0
DA:769,0
DA:773,0
DA:774,0
DA:775,0
DA:776,0
DA:777,0
DA:778,0
DA:780,0
DA:783,0
DA:784,0
DA:787,0
DA:788,0
DA:798,0
DA:799,0
DA:800,0
DA:801,0
DA:809,0
DA:813,0
DA:814,0
DA:816,0
DA:817,0
DA:818,0
DA:820,0
DA:821,0
DA:822,0
DA:823,0
DA:824,0
DA:832,0
DA:833,0
DA:834,0
DA:835,0
DA:836,0
DA:838,0
DA:839,0
DA:842,0
DA:845,0
DA:846,0
DA:847,0
DA:848,0
DA:849,0
DA:850,0
DA:851,0
DA:852,0
DA:856,0
DA:857,0
DA:858,0
DA:859,0
DA:860,0
DA:869,0
DA:870,0
DA:871,0
DA:872,0
DA:873,0
DA:874,0
DA:875,0
DA:876,0
DA:878,0
DA:882,0
DA:883,0
DA:884,0
DA:885,0
DA:886,0
DA:888,0
DA:889,0
DA:890,0
DA:904,0
DA:905,0
DA:907,0
DA:909,0
DA:912,0
DA:913,0
DA:914,0
DA:915,0
DA:916,0
DA:917,0
DA:919,0
DA:923,0
DA:924,0
DA:927,0
DA:930,0
DA:931,0
DA:932,0
DA:933,0
DA:934,0
DA:935,0
DA:937,0
DA:939,0
DA:944,0
DA:948,0
DA:953,0
DA:954,0
DA:955,0
DA:957,0
DA:958,0
DA:963,0
DA:964,0
DA:968,0
DA:973,0
DA:975,0
DA:977,0
DA:979,0
DA:981,0
DA:984,0
DA:989,0
DA:997,0
DA:998,0
LF:448
LH:0
end_of_record
TN:
SF:lib/widgets/mini_controller.dart
FNF:0
FNH:0
DA:61,0
DA:69,0
DA:71,0
DA:77,0
DA:79,0
DA:80,0
DA:81,0
DA:82,0
DA:83,0
DA:84,0
DA:85,0
DA:87,0
DA:93,0
DA:94,0
DA:95,0
DA:96,0
DA:97,0
DA:98,0
DA:101,0
DA:103,0
DA:104,0
DA:105,0
DA:113,0
DA:114,0
DA:115,0
DA:117,0
DA:122,0
DA:123,0
DA:125,0
DA:126,0
DA:127,0
DA:132,0
DA:133,0
DA:140,0
DA:143,0
DA:144,0
DA:146,0
DA:148,0
DA:150,0
DA:151,0
DA:152,0
DA:154,0
DA:155,0
DA:157,0
DA:158,0
DA:163,0
DA:167,0
DA:168,0
DA:170,0
DA:176,0
DA:177,0
DA:178,0
DA:179,0
DA:180,0
DA:182,0
DA:183,0
DA:184,0
DA:186,0
DA:187,0
DA:188,0
DA:196,0
DA:205,0
DA:206,0
DA:207,0
DA:208,0
DA:210,0
DA:212,0
DA:213,0
DA:214,0
DA:215,0
DA:216,0
DA:219,0
DA:222,0
DA:223,0
DA:224,0
DA:225,0
DA:226,0
DA:227,0
DA:233,0
DA:235,0
DA:236,0
DA:237,0
DA:238,0
DA:239,0
DA:240,0
DA:242,0
DA:243,0
DA:244,0
DA:246,0
DA:257,0
DA:258,0
DA:259,0
DA:261,0
DA:263,0
DA:264,0
DA:266,0
DA:276,0
DA:279,0
DA:280,0
DA:281,0
DA:282,0
DA:283,0
DA:284,0
DA:285,0
DA:291,0
DA:292,0
DA:294,0
DA:299,0
DA:301,0
DA:303,0
DA:305,0
DA:307,0
DA:316,0
DA:320,0
DA:324,0
DA:340,0
DA:341,0
DA:342,0
DA:344,0
DA:346,0
DA:348,0
DA:349,0
DA:352,0
DA:358,0
DA:360,0
DA:361,0
DA:364,0
DA:368,0
DA:370,0
DA:371,0
DA:373,0
DA:376,0
DA:383,0
DA:385,0
DA:386,0
DA:388,0
DA:389,0
DA:395,0
DA:396,0
DA:399,0
DA:402,0
DA:405,0
DA:406,0
DA:407,0
DA:408,0
DA:409,0
DA:411,0
DA:412,0
DA:419,0
DA:421,0
DA:422,0
DA:426,0
DA:427,0
DA:429,0
DA:430,0
DA:431,0
DA:433,0
DA:434,0
DA:435,0
DA:437,0
DA:438,0
DA:439,0
DA:440,0
DA:442,0
DA:443,0
DA:452,0
DA:453,0
DA:454,0
DA:458,0
LF:169
LH:0
end_of_record
TN:
SF:lib/widgets/themes/google_cast_player_texts.dart
FNF:0
FNH:0
DA:41,5
DA:50,0
DA:51,0
DA:52,0
LF:4
LH:1
end_of_record
TN:
SF:lib/widgets/themes/google_cast_player_theme.dart
FNF:0
FNH:0
DA:69,0
LF:1
LH:0
end_of_record
